Determining if the pthread_create exist failed with the following output:
Change Dir: /home/zubuntu/Projects/exovis/projects/exvis/exvis_grab/catkin_ws/build/gmock/CMakeFiles/CMakeTmp

Run Build Command:"/usr/bin/make" "cmTC_005b0/fast"
make[3]: Entering directory '/home/zubuntu/Projects/exovis/projects/exvis/exvis_grab/catkin_ws/build/gmock/CMakeFiles/CMakeTmp'
/usr/bin/make -f CMakeFiles/cmTC_005b0.dir/build.make CMakeFiles/cmTC_005b0.dir/build
make[4]: Entering directory '/home/zubuntu/Projects/exovis/projects/exvis/exvis_grab/catkin_ws/build/gmock/CMakeFiles/CMakeTmp'
Building C object CMakeFiles/cmTC_005b0.dir/CheckSymbolExists.c.o
/usr/bin/cc    -o CMakeFiles/cmTC_005b0.dir/CheckSymbolExists.c.o   -c /home/zubuntu/Projects/exovis/projects/exvis/exvis_grab/catkin_ws/build/gmock/CMakeFiles/CMakeTmp/CheckSymbolExists.c
Linking C executable cmTC_005b0
/home/zubuntu/.local/lib/python3.6/site-packages/cmake/data/bin/cmake -E cmake_link_script CMakeFiles/cmTC_005b0.dir/link.txt --verbose=1
/usr/bin/cc      -rdynamic CMakeFiles/cmTC_005b0.dir/CheckSymbolExists.c.o  -o cmTC_005b0 
CMakeFiles/cmTC_005b0.dir/CheckSymbolExists.c.o: In function `main':
CheckSymbolExists.c:(.text+0x1b): undefined reference to `pthread_create'
collect2: error: ld returned 1 exit status
CMakeFiles/cmTC_005b0.dir/build.make:86: recipe for target 'cmTC_005b0' failed
make[4]: *** [cmTC_005b0] Error 1
make[4]: Leaving directory '/home/zubuntu/Projects/exovis/projects/exvis/exvis_grab/catkin_ws/build/gmock/CMakeFiles/CMakeTmp'
Makefile:121: recipe for target 'cmTC_005b0/fast' failed
make[3]: *** [cmTC_005b0/fast] Error 2
make[3]: Leaving directory '/home/zubuntu/Projects/exovis/projects/exvis/exvis_grab/catkin_ws/build/gmock/CMakeFiles/CMakeTmp'

File /home/zubuntu/Projects/exovis/projects/exvis/exvis_grab/catkin_ws/build/gmock/CMakeFiles/CMakeTmp/CheckSymbolExists.c:
/* */
#include <pthread.h>

int main(int argc, char** argv)
{
  (void)argv;
#ifndef pthread_create
  return ((int*)(&pthread_create))[argc];
#else
  (void)argc;
  return 0;
#endif
}

Determining if the function pthread_create exists in the pthreads failed with the following output:
Change Dir: /home/zubuntu/Projects/exovis/projects/exvis/exvis_grab/catkin_ws/build/gmock/CMakeFiles/CMakeTmp

Run Build Command:"/usr/bin/make" "cmTC_f8a9c/fast"
make[3]: Entering directory '/home/zubuntu/Projects/exovis/projects/exvis/exvis_grab/catkin_ws/build/gmock/CMakeFiles/CMakeTmp'
/usr/bin/make -f CMakeFiles/cmTC_f8a9c.dir/build.make CMakeFiles/cmTC_f8a9c.dir/build
make[4]: Entering directory '/home/zubuntu/Projects/exovis/projects/exvis/exvis_grab/catkin_ws/build/gmock/CMakeFiles/CMakeTmp'
Building C object CMakeFiles/cmTC_f8a9c.dir/CheckFunctionExists.c.o
/usr/bin/cc   -DCHECK_FUNCTION_EXISTS=pthread_create   -o CMakeFiles/cmTC_f8a9c.dir/CheckFunctionExists.c.o   -c /home/zubuntu/.local/lib/python3.6/site-packages/cmake/data/share/cmake-3.13/Modules/CheckFunctionExists.c
Linking C executable cmTC_f8a9c
/home/zubuntu/.local/lib/python3.6/site-packages/cmake/data/bin/cmake -E cmake_link_script CMakeFiles/cmTC_f8a9c.dir/link.txt --verbose=1
/usr/bin/cc  -DCHECK_FUNCTION_EXISTS=pthread_create    -rdynamic CMakeFiles/cmTC_f8a9c.dir/CheckFunctionExists.c.o  -o cmTC_f8a9c -lpthreads 
/usr/bin/ld: cannot find -lpthreads
collect2: error: ld returned 1 exit status
CMakeFiles/cmTC_f8a9c.dir/build.make:86: recipe for target 'cmTC_f8a9c' failed
make[4]: *** [cmTC_f8a9c] Error 1
make[4]: Leaving directory '/home/zubuntu/Projects/exovis/projects/exvis/exvis_grab/catkin_ws/build/gmock/CMakeFiles/CMakeTmp'
Makefile:121: recipe for target 'cmTC_f8a9c/fast' failed
make[3]: *** [cmTC_f8a9c/fast] Error 2
make[3]: Leaving directory '/home/zubuntu/Projects/exovis/projects/exvis/exvis_grab/catkin_ws/build/gmock/CMakeFiles/CMakeTmp'


