Determining if the pthread_create exist failed with the following output:
Change Dir: /home/zubuntu/Projects/exovis/projects/exvis/exvis_interface/catkin_ws/build/gmock/CMakeFiles/CMakeTmp

Run Build Command:"/usr/bin/make" "cmTC_ea055/fast"
make[3]: Entering directory '/home/zubuntu/Projects/exovis/projects/exvis/exvis_interface/catkin_ws/build/gmock/CMakeFiles/CMakeTmp'
/usr/bin/make -f CMakeFiles/cmTC_ea055.dir/build.make CMakeFiles/cmTC_ea055.dir/build
make[4]: Entering directory '/home/zubuntu/Projects/exovis/projects/exvis/exvis_interface/catkin_ws/build/gmock/CMakeFiles/CMakeTmp'
Building C object CMakeFiles/cmTC_ea055.dir/CheckSymbolExists.c.o
/usr/bin/cc    -o CMakeFiles/cmTC_ea055.dir/CheckSymbolExists.c.o   -c /home/zubuntu/Projects/exovis/projects/exvis/exvis_interface/catkin_ws/build/gmock/CMakeFiles/CMakeTmp/CheckSymbolExists.c
Linking C executable cmTC_ea055
/home/zubuntu/.local/lib/python3.6/site-packages/cmake/data/bin/cmake -E cmake_link_script CMakeFiles/cmTC_ea055.dir/link.txt --verbose=1
/usr/bin/cc      -rdynamic CMakeFiles/cmTC_ea055.dir/CheckSymbolExists.c.o  -o cmTC_ea055 
CMakeFiles/cmTC_ea055.dir/CheckSymbolExists.c.o: In function `main':
CheckSymbolExists.c:(.text+0x1b): undefined reference to `pthread_create'
collect2: error: ld returned 1 exit status
CMakeFiles/cmTC_ea055.dir/build.make:86: recipe for target 'cmTC_ea055' failed
make[4]: *** [cmTC_ea055] Error 1
make[4]: Leaving directory '/home/zubuntu/Projects/exovis/projects/exvis/exvis_interface/catkin_ws/build/gmock/CMakeFiles/CMakeTmp'
Makefile:121: recipe for target 'cmTC_ea055/fast' failed
make[3]: *** [cmTC_ea055/fast] Error 2
make[3]: Leaving directory '/home/zubuntu/Projects/exovis/projects/exvis/exvis_interface/catkin_ws/build/gmock/CMakeFiles/CMakeTmp'

File /home/zubuntu/Projects/exovis/projects/exvis/exvis_interface/catkin_ws/build/gmock/CMakeFiles/CMakeTmp/CheckSymbolExists.c:
/* */
#include <pthread.h>

int main(int argc, char** argv)
{
  (void)argv;
#ifndef pthread_create
  return ((int*)(&pthread_create))[argc];
#else
  (void)argc;
  return 0;
#endif
}

Determining if the function pthread_create exists in the pthreads failed with the following output:
Change Dir: /home/zubuntu/Projects/exovis/projects/exvis/exvis_interface/catkin_ws/build/gmock/CMakeFiles/CMakeTmp

Run Build Command:"/usr/bin/make" "cmTC_2a335/fast"
make[3]: Entering directory '/home/zubuntu/Projects/exovis/projects/exvis/exvis_interface/catkin_ws/build/gmock/CMakeFiles/CMakeTmp'
/usr/bin/make -f CMakeFiles/cmTC_2a335.dir/build.make CMakeFiles/cmTC_2a335.dir/build
make[4]: Entering directory '/home/zubuntu/Projects/exovis/projects/exvis/exvis_interface/catkin_ws/build/gmock/CMakeFiles/CMakeTmp'
Building C object CMakeFiles/cmTC_2a335.dir/CheckFunctionExists.c.o
/usr/bin/cc   -DCHECK_FUNCTION_EXISTS=pthread_create   -o CMakeFiles/cmTC_2a335.dir/CheckFunctionExists.c.o   -c /home/zubuntu/.local/lib/python3.6/site-packages/cmake/data/share/cmake-3.13/Modules/CheckFunctionExists.c
Linking C executable cmTC_2a335
/home/zubuntu/.local/lib/python3.6/site-packages/cmake/data/bin/cmake -E cmake_link_script CMakeFiles/cmTC_2a335.dir/link.txt --verbose=1
/usr/bin/cc  -DCHECK_FUNCTION_EXISTS=pthread_create    -rdynamic CMakeFiles/cmTC_2a335.dir/CheckFunctionExists.c.o  -o cmTC_2a335 -lpthreads 
/usr/bin/ld: cannot find -lpthreads
collect2: error: ld returned 1 exit status
CMakeFiles/cmTC_2a335.dir/build.make:86: recipe for target 'cmTC_2a335' failed
make[4]: *** [cmTC_2a335] Error 1
make[4]: Leaving directory '/home/zubuntu/Projects/exovis/projects/exvis/exvis_interface/catkin_ws/build/gmock/CMakeFiles/CMakeTmp'
Makefile:121: recipe for target 'cmTC_2a335/fast' failed
make[3]: *** [cmTC_2a335/fast] Error 2
make[3]: Leaving directory '/home/zubuntu/Projects/exovis/projects/exvis/exvis_interface/catkin_ws/build/gmock/CMakeFiles/CMakeTmp'


